<?xml version="1.0" encoding="UTF-8"?>
<!-- Generated by org.testng.reporters.JUnitReportReporter -->
<testsuite skipped="0" hostname="Morads-MBP.fritz.box" name="regressionSuite.LoginPageTest" tests="1" failures="0" timestamp="2020-07-03T15:40:46 MESZ" time="22.152" errors="0">
  <testcase name="loginStart" time="22.152" classname="regressionSuite.LoginPageTest"/>
  <system-out/>
</testsuite> <!-- regressionSuite.LoginPageTest -->
